03.02.21 12:53:34  Array
(
    [path] => api/mindbox/events/
    [_wpcf7] => 55198
    [_wpcf7_version] => 5.2.2
    [_wpcf7_locale] => ru_RU
    [_wpcf7_unit_tag] => wpcf7-f55198-o17
    [_wpcf7_container_post] => 0
    [_wpcf7_posted_data_hash] => 
    [_wpcf7_recaptcha_response] => 03AGdBq25WUPP8BdfRoVKB_JDCP6-FS1c5m9Dzld-khmyk9I4kRKYqEjk7-mYP3qXEblQ5_L1E1AGxoyDuNdAeCddXTtxmzIPMH6fnFyw6_rhKc3UgDaqyssTgb3iA7iFdTISoksoTdVClnU_pil447IjVYJUorelwvpiAyZJUolzNIe2wNFWj1FCDmQfBKwnsdaAB_5eZd33SFn2Zi-gNWGbtPsTizP4TScbmXGLobxvTt9C87U1jUmxbzDnFP3oMScLH33utBhX6eeLxYRTwe9Us44DNnpmwD2HNRo19ObebQjJJua0KjfFPTYqYvpgSdOe5UxHXXoMoYPvGchHxZDOTCdMWhKoK4VCtX8KgUsxaNK9Nyz5apgDs-R9n1804W11WlfD158a-XjZR14fM3JMWpDJI_UIsjtxn-o5l0Q-oqSHiLudDbm7cEV8GHYzB7zjdAw0aTb4P
    [your-name] => Александр
    [your-company] => Slotegrator
    [your-telephone] => +480366782983
    [your-email] => wwww@eeee.qq
    [your-question] => ыовивис влоырд  рдрлдрвлры лдырдврлдым рлдрвдмтм 
    [acceptance-227] => 1
    [acceptance-228] => 1
    [acceptance-229] => 1
    [pum_form_popup_id] => 61743
    [_] => formoffertheme
)


