03.02.21 13:36:05  Array
(
    [path] => api/mindbox/events/
    [_wpcf7] => 39155
    [_wpcf7_version] => 5.2.2
    [_wpcf7_locale] => ru_RU
    [_wpcf7_unit_tag] => wpcf7-f39155-p37936-o92
    [_wpcf7_container_post] => 37936
    [_wpcf7_posted_data_hash] => d01deab165961356d6ce56fdc0cb6495
    [_wpcf7_recaptcha_response] => 03AGdBq24afggJnZq57UtyD0_MqVnWd5q9mHb5DiQsinIhlWmWO2BfCFwG9u7DzE5QrWJuwY1yzJFNHf53SwTH0ujekXcpyQ21tta7S7AX2FBxSbo4Rnn0BQ3_cDu644zhk164hPLbPD91O-R6uCz4v_oyTpaOGNV5c6z5DsIxC-bcmvufvjMAAMVcbYk4mjSKHV7WwtiQJyQTmjKazAFVxZ155qj3FBWL_PuK383tdZRwgsyOCcpOujZwq4uYQdyX07pb1SHs-_rD7gs40qatAxW1DHQx6WZzWi6-A4AVCMCFPstJJdyL19KxLuhFddW1Wr9iAlvzC1-ffgduk709Sbtnyv2tuhvFaC9p1_ifuKIQISZ9IozzPuX0yTqwjQV_u8PKAbEQ3rheBzMICHBHTNFgpt1gKqLz-BnN-4c2nPy5voNVZfSN1YNQC8nVBZAq_hUNjnlDCmFp
    [fio] => Александр
    [company] => Slotegrator
    [phone] => +48234948329
    [email] => WWWW@DDDD.SSS
    [your-type] => Оценка персонала
    [question] => Опишите подробнее ваш запрос:Опишите подробнее ваш запрос:Опишите подробнее ваш запрос:Опишите подробнее ваш запрос:Опишите подробнее ваш запрос:Опишите подробнее ваш запрос:Опишите подробнее ваш запрос:Опишите подробнее ваш запрос:Опишите подробнее ваш запрос:Опишите подробнее ваш запрос:
    [acceptance-search] => Array
        (
            [0] => Я прочитал и принимаю
        )

    [_] => formservice
)


